Starting "SYS"."SYS_EXPORT_TABLE_01":  
Estimate in progress using BLOCKS method...
Processing object type TABLE_EXPORT/TABLE/TABLE_DATA
Total estimation using BLOCKS method: 1.228 GB
Processing object type TABLE_EXPORT/TABLE/TABLE
     Completed 120 TABLE objects in 7 seconds
Processing object type TABLE_EXPORT/TABLE/CONSTRAINT/CONSTRAINT
     Completed 113 CONSTRAINT objects in 1 seconds
Processing object type TABLE_EXPORT/TABLE/CONSTRAINT/REF_CONSTRAINT
     Completed 1 REF_CONSTRAINT objects in 0 seconds
. . exported "SYS"."WRH$_SYSMETRIC_HISTORY"              476.7 KB    8960 rows
. . exported "SYS"."WRH$_ACTIVE_SESSION_HISTORY":"WRH$_ACTIVE_3430975138_974"  26.10 KB       0 rows
. . exported "SYS"."WRH$_ACTIVE_SESSION_HISTORY":"WRH$_ACTIVE_3430975138_950"  26.10 KB       0 rows
. . exported "SYS"."WRH$_ACTIVE_SESSION_HISTORY":"WRH$_ACTIVE_3430975138_997"  26.10 KB       0 rows
. . exported "SYS"."WRH$_SYSMETRIC_SUMMARY"              757.6 KB    9472 rows
. . exported "SYS"."WRH$_SQL_PLAN"                       14.46 MB   59681 rows
. . exported "SYS"."WRH$_BG_EVENT_SUMMARY"               390.1 KB   10568 rows
. . exported "SYS"."WRH$_EVENT_HISTOGRAM":"WRH$_EVENT__3430975138_1021"  3.085 MB  101147 rows
. . exported "SYS"."WRH$_EVENT_HISTOGRAM":"WRH$_EVENT__3430975138_796"  7.015 KB       0 rows
. . exported "SYS"."WRH$_EVENT_HISTOGRAM":"WRH$_EVENT__3430975138_997"  7.015 KB       0 rows
. . exported "SYS"."WRH$_ACTIVE_SESSION_HISTORY":"WRH$_ACTIVE_3430975138_796"  26.10 KB       0 rows
. . exported "SYS"."WRH$_EVENT_HISTOGRAM":"WRH$_EVENT__3430975138_852"  7.015 KB       0 rows
. . exported "SYS"."WRH$_LATCH":"WRH$_LATCH_3430975138_852"  10.99 KB       0 rows
. . exported "SYS"."WRH$_SQLTEXT"                        7.841 MB    4321 rows
. . exported "SYS"."WRH$_ENQUEUE_STAT"                   306.5 KB    5536 rows
. . exported "SYS"."WRH$_EVENT_HISTOGRAM":"WRH$_EVENT__3430975138_828"  7.015 KB       0 rows
. . exported "SYS"."WRH$_WAITCLASSMETRIC_HISTORY"        45.40 KB     488 rows
. . exported "SYS"."WRH$_EVENT_HISTOGRAM":"WRH$_EVENT__3430975138_895"  7.015 KB       0 rows
. . exported "SYS"."WRH$_EVENT_HISTOGRAM":"WRH$_EVENT__3430975138_926"  7.015 KB       0 rows
. . exported "SYS"."WRH$_EVENT_HISTOGRAM":"WRH$_EVENT__3430975138_950"  7.015 KB       0 rows
. . exported "SYS"."WRH$_EVENT_HISTOGRAM":"WRH$_EVENT__3430975138_974"  7.015 KB       0 rows
. . exported "SYS"."WRH$_ACTIVE_SESSION_HISTORY":"WRH$_ACTIVE_3430975138_852"  26.10 KB       0 rows
. . exported "SYS"."WRH$_DLM_MISC":"WRH$_DLM_MI_3430975138_926"  6.992 KB       0 rows
. . exported "SYS"."WRH$_LATCH":"WRH$_LATCH_3430975138_1021"  1.627 MB   32128 rows
. . exported "SYS"."WRH$_LATCH":"WRH$_LATCH_3430975138_796"  10.99 KB       0 rows
. . exported "SYS"."WRH$_LATCH":"WRH$_LATCH_3430975138_828"  10.99 KB       0 rows
. . exported "SYS"."WRH$_LATCH":"WRH$_LATCH_3430975138_895"  10.99 KB       0 rows
. . exported "SYS"."WRH$_SEG_STAT":"WRH$_SEG_ST_3430975138_950"  20.24 KB       0 rows
. . exported "SYS"."WRH$_SEG_STAT":"WRH$_SEG_ST_3430975138_997"  20.24 KB       0 rows
. . exported "SYS"."WRH$_SERVICE_STAT":"WRH$_SERVIC_3430975138_1021"  438.6 KB   12320 rows
. . exported "SYS"."WRH$_SQLSTAT":"WRH$_SQLSTA_3430975138_852"  29.07 KB       0 rows
. . exported "SYS"."WRH$_DLM_MISC":"WRH$_DLM_MI_3430975138_895"  6.992 KB       0 rows
. . exported "SYS"."WRH$_LATCH":"WRH$_LATCH_3430975138_926"  10.99 KB       0 rows
. . exported "SYS"."WRH$_LATCH":"WRH$_LATCH_3430975138_974"  10.99 KB       0 rows
. . exported "SYS"."WRH$_LATCH_MISSES_SUMMARY":"WRH$_LATCH__3430975138_796"  7.828 KB       0 rows
. . exported "SYS"."WRH$_LATCH_MISSES_SUMMARY":"WRH$_LATCH__3430975138_997"  7.828 KB       0 rows
. . exported "SYS"."WRH$_PARAMETER":"WRH$_PARAME_3430975138_895"  7.406 KB       0 rows
. . exported "SYS"."WRH$_SYSSTAT":"WRH$_SYSSTA_3430975138_852"  6.593 KB       0 rows
. . exported "SYS"."WRH$_SYSSTAT":"WRH$_SYSSTA_3430975138_895"  6.593 KB       0 rows
. . exported "SYS"."WRH$_DLM_MISC":"WRH$_DLM_MI_3430975138_796"  6.992 KB       0 rows
. . exported "SYS"."WRH$_FILESTATXS":"WRH$_FILEST_3430975138_852"  10.60 KB       0 rows
. . exported "SYS"."WRH$_INST_CACHE_TRANSFER":"WRH$_INST_C_3430975138_852"  15.52 KB       0 rows
. . exported "SYS"."WRH$_LATCH":"WRH$_LATCH_3430975138_950"  10.99 KB       0 rows
. . exported "SYS"."WRH$_LATCH":"WRH$_LATCH_3430975138_997"  10.99 KB       0 rows
. . exported "SYS"."WRH$_LATCH_MISSES_SUMMARY":"WRH$_LATCH__3430975138_1021"  1.115 MB   17988 rows
. . exported "SYS"."WRH$_LATCH_MISSES_SUMMARY":"WRH$_LATCH__3430975138_828"  7.828 KB       0 rows
. . exported "SYS"."WRH$_LATCH_MISSES_SUMMARY":"WRH$_LATCH__3430975138_974"  7.828 KB       0 rows
. . exported "SYS"."WRH$_PARAMETER":"WRH$_PARAME_3430975138_852"  7.406 KB       0 rows
. . exported "SYS"."WRH$_PARAMETER":"WRH$_PARAME_3430975138_950"  7.406 KB       0 rows
. . exported "SYS"."WRH$_PARAMETER":"WRH$_PARAME_3430975138_974"  7.406 KB       0 rows
. . exported "SYS"."WRH$_ROWCACHE_SUMMARY":"WRH$_ROWCAC_3430975138_852"  11.02 KB       0 rows
. . exported "SYS"."WRH$_SEG_STAT":"WRH$_SEG_ST_3430975138_974"  20.24 KB       0 rows
. . exported "SYS"."WRH$_SERVICE_STAT":"WRH$_SERVIC_3430975138_895"  7.007 KB       0 rows
. . exported "SYS"."WRH$_SERVICE_STAT":"WRH$_SERVIC_3430975138_974"  7.007 KB       0 rows
. . exported "SYS"."WRH$_SQLSTAT":"WRH$_SQLSTA_3430975138_895"  29.07 KB       0 rows
. . exported "SYS"."WRH$_SQLSTAT":"WRH$_SQLSTA_3430975138_950"  29.07 KB       0 rows
. . exported "SYS"."WRH$_SQLSTAT":"WRH$_SQLSTA_3430975138_974"  29.07 KB       0 rows
. . exported "SYS"."WRH$_SYSSTAT":"WRH$_SYSSTA_3430975138_1021"  896.0 KB   32000 rows
. . exported "SYS"."WRH$_SYSTEM_EVENT":"WRH$_SYSTEM_3430975138_852"  8.632 KB       0 rows
. . exported "SYS"."WRH$_SYSTEM_EVENT":"WRH$_SYSTEM_3430975138_926"  8.632 KB       0 rows
. . exported "SYS"."WRH$_DLM_MISC":"WRH$_DLM_MI_3430975138_852"  6.992 KB       0 rows
. . exported "SYS"."WRH$_DLM_MISC":"WRH$_DLM_MI_3430975138_997"  6.992 KB       0 rows
. . exported "SYS"."WRH$_LATCH_MISSES_SUMMARY":"WRH$_LATCH__3430975138_852"  7.828 KB       0 rows
. . exported "SYS"."WRH$_LATCH_MISSES_SUMMARY":"WRH$_LATCH__3430975138_895"  7.828 KB       0 rows
. . exported "SYS"."WRH$_LATCH_MISSES_SUMMARY":"WRH$_LATCH__3430975138_950"  7.828 KB       0 rows
. . exported "SYS"."WRH$_LOG"                            73.20 KB    1024 rows
. . exported "SYS"."WRH$_MEM_DYNAMIC_COMP"               78.91 KB    1024 rows
. . exported "SYS"."WRH$_MUTEX_SLEEP"                    109.9 KB    1968 rows
. . exported "SYS"."WRH$_PARAMETER":"WRH$_PARAME_3430975138_1021"    803 KB   19456 rows
. . exported "SYS"."WRH$_PARAMETER":"WRH$_PARAME_3430975138_796"  7.406 KB       0 rows
. . exported "SYS"."WRH$_PARAMETER":"WRH$_PARAME_3430975138_828"  7.406 KB       0 rows
. . exported "SYS"."WRH$_PARAMETER":"WRH$_PARAME_3430975138_926"  7.406 KB       0 rows
. . exported "SYS"."WRH$_PARAMETER":"WRH$_PARAME_3430975138_997"  7.406 KB       0 rows
. . exported "SYS"."WRH$_SEG_STAT":"WRH$_SEG_ST_3430975138_1021"  735.6 KB    6659 rows
. . exported "SYS"."WRH$_SEG_STAT":"WRH$_SEG_ST_3430975138_796"  20.24 KB       0 rows
. . exported "SYS"."WRH$_SEG_STAT":"WRH$_SEG_ST_3430975138_828"  20.24 KB       0 rows
. . exported "SYS"."WRH$_SEG_STAT":"WRH$_SEG_ST_3430975138_852"  20.24 KB       0 rows
. . exported "SYS"."WRH$_SEG_STAT":"WRH$_SEG_ST_3430975138_895"  20.24 KB       0 rows
. . exported "SYS"."WRH$_SEG_STAT":"WRH$_SEG_ST_3430975138_926"  20.24 KB       0 rows
. . exported "SYS"."WRH$_SERVICE_STAT":"WRH$_SERVIC_3430975138_796"  7.007 KB       0 rows
. . exported "SYS"."WRH$_SERVICE_STAT":"WRH$_SERVIC_3430975138_926"  7.007 KB       0 rows
. . exported "SYS"."WRH$_SERVICE_STAT":"WRH$_SERVIC_3430975138_950"  7.007 KB       0 rows
. . exported "SYS"."WRH$_SERVICE_STAT":"WRH$_SERVIC_3430975138_997"  7.007 KB       0 rows
. . exported "SYS"."WRH$_SQLSTAT":"WRH$_SQLSTA_3430975138_1021"  1001. KB    4248 rows
. . exported "SYS"."WRH$_SQLSTAT":"WRH$_SQLSTA_3430975138_796"  29.07 KB       0 rows
. . exported "SYS"."WRH$_SQLSTAT":"WRH$_SQLSTA_3430975138_926"  29.07 KB       0 rows
. . exported "SYS"."WRH$_SQLSTAT":"WRH$_SQLSTA_3430975138_997"  29.07 KB       0 rows
. . exported "SYS"."WRH$_SYSSTAT":"WRH$_SYSSTA_3430975138_796"  6.593 KB       0 rows
. . exported "SYS"."WRH$_SYSSTAT":"WRH$_SYSSTA_3430975138_828"  6.593 KB       0 rows
. . exported "SYS"."WRH$_SYSSTAT":"WRH$_SYSSTA_3430975138_926"  6.593 KB       0 rows
. . exported "SYS"."WRH$_SYSSTAT":"WRH$_SYSSTA_3430975138_950"  6.593 KB       0 rows
. . exported "SYS"."WRH$_SYSSTAT":"WRH$_SYSSTA_3430975138_974"  6.593 KB       0 rows
. . exported "SYS"."WRH$_SYSSTAT":"WRH$_SYSSTA_3430975138_997"  6.593 KB       0 rows
. . exported "SYS"."WRH$_SYSTEM_EVENT":"WRH$_SYSTEM_3430975138_1021"  667.5 KB   13969 rows
. . exported "SYS"."WRH$_SYSTEM_EVENT":"WRH$_SYSTEM_3430975138_796"  8.632 KB       0 rows
. . exported "SYS"."WRH$_SYSTEM_EVENT":"WRH$_SYSTEM_3430975138_828"  8.632 KB       0 rows
. . exported "SYS"."WRH$_SYSTEM_EVENT":"WRH$_SYSTEM_3430975138_895"  8.632 KB       0 rows
. . exported "SYS"."WRH$_TABLESPACE_STAT":"WRH$_TABLES_3430975138_852"  8.617 KB       0 rows
. . exported "SYS"."WRH$_DLM_MISC":"WRH$_DLM_MI_3430975138_1021"  294.5 KB    5696 rows
. . exported "SYS"."WRH$_DLM_MISC":"WRH$_DLM_MI_3430975138_828"  6.992 KB       0 rows
. . exported "SYS"."WRH$_DLM_MISC":"WRH$_DLM_MI_3430975138_950"  6.992 KB       0 rows
. . exported "SYS"."WRH$_DLM_MISC":"WRH$_DLM_MI_3430975138_974"  6.992 KB       0 rows
. . exported "SYS"."WRH$_LATCH_MISSES_SUMMARY":"WRH$_LATCH__3430975138_926"  7.828 KB       0 rows
. . exported "SYS"."WRH$_SEG_STAT_OBJ"                   868.8 KB    9066 rows
. . exported "SYS"."WRH$_SERVICE_STAT":"WRH$_SERVIC_3430975138_828"  7.007 KB       0 rows
. . exported "SYS"."WRH$_SERVICE_STAT":"WRH$_SERVIC_3430975138_852"  7.007 KB       0 rows
. . exported "SYS"."WRH$_SHARED_POOL_ADVICE"             47.22 KB     672 rows
. . exported "SYS"."WRH$_SQLSTAT":"WRH$_SQLSTA_3430975138_828"  29.07 KB       0 rows
. . exported "SYS"."WRH$_SYSTEM_EVENT":"WRH$_SYSTEM_3430975138_950"  8.632 KB       0 rows
. . exported "SYS"."WRH$_SYSTEM_EVENT":"WRH$_SYSTEM_3430975138_974"  8.632 KB       0 rows
. . exported "SYS"."WRH$_SYSTEM_EVENT":"WRH$_SYSTEM_3430975138_997"  8.632 KB       0 rows
. . exported "SYS"."WRH$_IOSTAT_FUNCTION"                51.03 KB     832 rows
. . exported "SYS"."WRH$_LIBRARYCACHE"                   50.39 KB     704 rows
. . exported "SYS"."WRH$_PGASTAT"                        57.49 KB    1069 rows
. . exported "SYS"."WRH$_PGA_TARGET_ADVICE"              57.53 KB     896 rows
. . exported "SYS"."WRH$_RESOURCE_LIMIT"                 42.40 KB     576 rows
. . exported "SYS"."WRH$_SGA_TARGET_ADVICE"              40.02 KB     923 rows
. . exported "SYS"."WRH$_ACTIVE_SESSION_HISTORY":"WRH$_ACTIVE_3430975138_895"  26.10 KB       0 rows
. . exported "SYS"."WRH$_BUFFER_POOL_STATISTICS"         20.61 KB      64 rows
. . exported "SYS"."WRH$_CLUSTER_INTERCON"               11.58 KB      64 rows
. . exported "SYS"."WRH$_CR_BLOCK_SERVER"                19.24 KB      64 rows
. . exported "SYS"."WRH$_CURRENT_BLOCK_SERVER"           16.33 KB      64 rows
. . exported "SYS"."WRH$_IC_CLIENT_STATS"                30.89 KB     704 rows
. . exported "SYS"."WRH$_IC_DEVICE_STATS"                 38.5 KB     256 rows
. . exported "SYS"."WRH$_INSTANCE_RECOVERY"              17.68 KB      64 rows
. . exported "SYS"."WRH$_IOSTAT_FILETYPE"                58.85 KB     768 rows
. . exported "SYS"."WRH$_JAVA_POOL_ADVICE"               14.57 KB     128 rows
. . exported "SYS"."WRH$_PROCESS_MEMORY_SUMMARY"         27.46 KB     256 rows
. . exported "SYS"."WRH$_SGA"                            16.15 KB     256 rows
. . exported "SYS"."WRH$_SQL_SUMMARY"                    9.851 KB      64 rows
. . exported "SYS"."WRH$_SQL_WORKAREA_HISTOGRAM"         39.08 KB     753 rows
. . exported "SYS"."WRH$_TEMPSTATXS"                     14.66 KB      64 rows
. . exported "SYS"."WRH$_THREAD"                         29.01 KB     512 rows
. . exported "SYS"."WRH$_UNDOSTAT"                       19.69 KB      46 rows
. . exported "SYS"."WRH$_ACTIVE_SESSION_HISTORY":"WRH$_ACTIVE_3430975138_1021"  210.8 KB     750 rows
. . exported "SYS"."WRH$_INST_CACHE_TRANSFER":"WRH$_INST_C_3430975138_796"  15.52 KB       0 rows
. . exported "SYS"."WRH$_INST_CACHE_TRANSFER":"WRH$_INST_C_3430975138_895"  15.52 KB       0 rows
. . exported "SYS"."WRH$_INTERCONNECT_PINGS":"WRH$_INTERC_3430975138_950"  8.609 KB       0 rows
. . exported "SYS"."WRH$_ROWCACHE_SUMMARY":"WRH$_ROWCAC_3430975138_1021"  233.7 KB    3520 rows
. . exported "SYS"."WRH$_ROWCACHE_SUMMARY":"WRH$_ROWCAC_3430975138_796"  11.02 KB       0 rows
. . exported "SYS"."WRH$_ROWCACHE_SUMMARY":"WRH$_ROWCAC_3430975138_895"  11.02 KB       0 rows
. . exported "SYS"."WRH$_TABLESPACE_STAT":"WRH$_TABLES_3430975138_1021"  66.17 KB     960 rows
. . exported "SYS"."WRH$_TABLESPACE_STAT":"WRH$_TABLES_3430975138_796"  8.617 KB       0 rows
. . exported "SYS"."WRH$_TABLESPACE_STAT":"WRH$_TABLES_3430975138_895"  8.617 KB       0 rows
. . exported "SYS"."WRM$_SNAPSHOT"                       14.09 KB      64 rows
. . exported "SYS"."WRH$_DB_CACHE_ADVICE":"WRH$_DB_CAC_3430975138_796"  9.851 KB       0 rows
. . exported "SYS"."WRH$_FILESTATXS":"WRH$_FILEST_3430975138_1021"  85.78 KB    1344 rows
. . exported "SYS"."WRH$_FILESTATXS":"WRH$_FILEST_3430975138_796"  10.60 KB       0 rows
. . exported "SYS"."WRH$_FILESTATXS":"WRH$_FILEST_3430975138_828"  10.60 KB       0 rows
. . exported "SYS"."WRH$_FILESTATXS":"WRH$_FILEST_3430975138_895"  10.60 KB       0 rows
. . exported "SYS"."WRH$_FILESTATXS":"WRH$_FILEST_3430975138_926"  10.60 KB       0 rows
. . exported "SYS"."WRH$_FILESTATXS":"WRH$_FILEST_3430975138_997"  10.60 KB       0 rows
. . exported "SYS"."WRH$_INST_CACHE_TRANSFER":"WRH$_INST_C_3430975138_1021"  207.4 KB    1792 rows
. . exported "SYS"."WRH$_INST_CACHE_TRANSFER":"WRH$_INST_C_3430975138_828"  15.52 KB       0 rows
. . exported "SYS"."WRH$_INST_CACHE_TRANSFER":"WRH$_INST_C_3430975138_926"  15.52 KB       0 rows
. . exported "SYS"."WRH$_INST_CACHE_TRANSFER":"WRH$_INST_C_3430975138_950"  15.52 KB       0 rows
. . exported "SYS"."WRH$_INST_CACHE_TRANSFER":"WRH$_INST_C_3430975138_974"  15.52 KB       0 rows
. . exported "SYS"."WRH$_INTERCONNECT_PINGS":"WRH$_INTERC_3430975138_1021"  38.21 KB     512 rows
. . exported "SYS"."WRH$_INTERCONNECT_PINGS":"WRH$_INTERC_3430975138_796"  8.609 KB       0 rows
. . exported "SYS"."WRH$_INTERCONNECT_PINGS":"WRH$_INTERC_3430975138_997"  8.609 KB       0 rows
. . exported "SYS"."WRH$_MEMORY_RESIZE_OPS"              9.820 KB       0 rows
. . exported "SYS"."WRH$_OSSTAT":"WRH$_OSSTAT_3430975138_796"  6.593 KB       0 rows
. . exported "SYS"."WRH$_ROWCACHE_SUMMARY":"WRH$_ROWCAC_3430975138_828"  11.02 KB       0 rows
. . exported "SYS"."WRH$_ROWCACHE_SUMMARY":"WRH$_ROWCAC_3430975138_926"  11.02 KB       0 rows
. . exported "SYS"."WRH$_ROWCACHE_SUMMARY":"WRH$_ROWCAC_3430975138_950"  11.02 KB       0 rows
. . exported "SYS"."WRH$_ROWCACHE_SUMMARY":"WRH$_ROWCAC_3430975138_974"  11.02 KB       0 rows
. . exported "SYS"."WRH$_SERVICE_WAIT_CLASS":"WRH$_SERVIC_3430975138_1021"  148.7 KB    2870 rows
. . exported "SYS"."WRH$_SERVICE_WAIT_CLASS":"WRH$_SERVIC_3430975138_796"  7.820 KB       0 rows
. . exported "SYS"."WRH$_SGASTAT":"WRH$_SGASTA_3430975138_796"  6.992 KB       0 rows
. . exported "SYS"."WRH$_SYS_TIME_MODEL":"WRH$_SYS_TI_3430975138_796"  6.601 KB       0 rows
. . exported "SYS"."WRH$_TABLESPACE_STAT":"WRH$_TABLES_3430975138_828"  8.617 KB       0 rows
. . exported "SYS"."WRH$_TABLESPACE_STAT":"WRH$_TABLES_3430975138_926"  8.617 KB       0 rows
. . exported "SYS"."WRH$_TABLESPACE_STAT":"WRH$_TABLES_3430975138_950"  8.617 KB       0 rows
. . exported "SYS"."WRH$_WAITSTAT":"WRH$_WAITST_3430975138_796"  6.992 KB       0 rows
. . exported "SYS"."WRH$_ACTIVE_SESSION_HISTORY":"WRH$_ACTIVE_3430975138_828"  26.10 KB       0 rows
. . exported "SYS"."WRH$_ACTIVE_SESSION_HISTORY":"WRH$_ACTIVE_3430975138_926"  26.10 KB       0 rows
. . exported "SYS"."WRH$_DB_CACHE_ADVICE":"WRH$_DB_CAC_3430975138_1021"  91.25 KB    1296 rows
. . exported "SYS"."WRH$_DB_CACHE_ADVICE":"WRH$_DB_CAC_3430975138_828"  9.851 KB       0 rows
. . exported "SYS"."WRH$_DB_CACHE_ADVICE":"WRH$_DB_CAC_3430975138_852"  9.851 KB       0 rows
. . exported "SYS"."WRH$_DB_CACHE_ADVICE":"WRH$_DB_CAC_3430975138_895"  9.851 KB       0 rows
. . exported "SYS"."WRH$_DB_CACHE_ADVICE":"WRH$_DB_CAC_3430975138_926"  9.851 KB       0 rows
. . exported "SYS"."WRH$_DB_CACHE_ADVICE":"WRH$_DB_CAC_3430975138_950"  9.851 KB       0 rows
. . exported "SYS"."WRH$_DB_CACHE_ADVICE":"WRH$_DB_CAC_3430975138_974"  9.851 KB       0 rows
. . exported "SYS"."WRH$_DB_CACHE_ADVICE":"WRH$_DB_CAC_3430975138_997"  9.851 KB       0 rows
. . exported "SYS"."WRH$_FILESTATXS":"WRH$_FILEST_3430975138_950"  10.60 KB       0 rows
. . exported "SYS"."WRH$_FILESTATXS":"WRH$_FILEST_3430975138_974"  10.60 KB       0 rows
. . exported "SYS"."WRH$_INST_CACHE_TRANSFER":"WRH$_INST_C_3430975138_997"  15.52 KB       0 rows
. . exported "SYS"."WRH$_INTERCONNECT_PINGS":"WRH$_INTERC_3430975138_828"  8.609 KB       0 rows
. . exported "SYS"."WRH$_INTERCONNECT_PINGS":"WRH$_INTERC_3430975138_852"  8.609 KB       0 rows
. . exported "SYS"."WRH$_INTERCONNECT_PINGS":"WRH$_INTERC_3430975138_895"  8.609 KB       0 rows
. . exported "SYS"."WRH$_INTERCONNECT_PINGS":"WRH$_INTERC_3430975138_926"  8.609 KB       0 rows
. . exported "SYS"."WRH$_INTERCONNECT_PINGS":"WRH$_INTERC_3430975138_974"  8.609 KB       0 rows
. . exported "SYS"."WRH$_OSSTAT":"WRH$_OSSTAT_3430975138_1021"  39.59 KB    1280 rows
. . exported "SYS"."WRH$_OSSTAT":"WRH$_OSSTAT_3430975138_828"  6.593 KB       0 rows
. . exported "SYS"."WRH$_OSSTAT":"WRH$_OSSTAT_3430975138_852"  6.593 KB       0 rows
. . exported "SYS"."WRH$_OSSTAT":"WRH$_OSSTAT_3430975138_895"  6.593 KB       0 rows
. . exported "SYS"."WRH$_OSSTAT":"WRH$_OSSTAT_3430975138_926"  6.593 KB       0 rows
. . exported "SYS"."WRH$_OSSTAT":"WRH$_OSSTAT_3430975138_950"  6.593 KB       0 rows
. . exported "SYS"."WRH$_OSSTAT":"WRH$_OSSTAT_3430975138_974"  6.593 KB       0 rows
. . exported "SYS"."WRH$_OSSTAT":"WRH$_OSSTAT_3430975138_997"  6.593 KB       0 rows
. . exported "SYS"."WRH$_ROWCACHE_SUMMARY":"WRH$_ROWCAC_3430975138_997"  11.02 KB       0 rows
. . exported "SYS"."WRH$_RSRC_CONSUMER_GROUP"            18.92 KB       0 rows
. . exported "SYS"."WRH$_RSRC_PLAN"                      8.195 KB       0 rows
. . exported "SYS"."WRH$_SERVICE_WAIT_CLASS":"WRH$_SERVIC_3430975138_828"  7.820 KB       0 rows
. . exported "SYS"."WRH$_SERVICE_WAIT_CLASS":"WRH$_SERVIC_3430975138_852"  7.820 KB       0 rows
. . exported "SYS"."WRH$_SERVICE_WAIT_CLASS":"WRH$_SERVIC_3430975138_895"  7.820 KB       0 rows
. . exported "SYS"."WRH$_SERVICE_WAIT_CLASS":"WRH$_SERVIC_3430975138_926"  7.820 KB       0 rows
. . exported "SYS"."WRH$_SERVICE_WAIT_CLASS":"WRH$_SERVIC_3430975138_950"  7.820 KB       0 rows
. . exported "SYS"."WRH$_SERVICE_WAIT_CLASS":"WRH$_SERVIC_3430975138_974"  7.820 KB       0 rows
. . exported "SYS"."WRH$_SERVICE_WAIT_CLASS":"WRH$_SERVIC_3430975138_997"  7.820 KB       0 rows
. . exported "SYS"."WRH$_SGASTAT":"WRH$_SGASTA_3430975138_1021"  74.87 KB    1446 rows
. . exported "SYS"."WRH$_SGASTAT":"WRH$_SGASTA_3430975138_828"  6.992 KB       0 rows
. . exported "SYS"."WRH$_SGASTAT":"WRH$_SGASTA_3430975138_852"  6.992 KB       0 rows
. . exported "SYS"."WRH$_SGASTAT":"WRH$_SGASTA_3430975138_895"  6.992 KB       0 rows
. . exported "SYS"."WRH$_SGASTAT":"WRH$_SGASTA_3430975138_926"  6.992 KB       0 rows
. . exported "SYS"."WRH$_SGASTAT":"WRH$_SGASTA_3430975138_950"  6.992 KB       0 rows
. . exported "SYS"."WRH$_SGASTAT":"WRH$_SGASTA_3430975138_974"  6.992 KB       0 rows
. . exported "SYS"."WRH$_SGASTAT":"WRH$_SGASTA_3430975138_997"  6.992 KB       0 rows
. . exported "SYS"."WRH$_SQL_BIND_METADATA"              408.7 KB    7050 rows
. . exported "SYS"."WRH$_SYS_TIME_MODEL":"WRH$_SYS_TI_3430975138_1021"  42.79 KB    1216 rows
. . exported "SYS"."WRH$_SYS_TIME_MODEL":"WRH$_SYS_TI_3430975138_828"  6.601 KB       0 rows
. . exported "SYS"."WRH$_SYS_TIME_MODEL":"WRH$_SYS_TI_3430975138_852"  6.601 KB       0 rows
. . exported "SYS"."WRH$_SYS_TIME_MODEL":"WRH$_SYS_TI_3430975138_895"  6.601 KB       0 rows
. . exported "SYS"."WRH$_SYS_TIME_MODEL":"WRH$_SYS_TI_3430975138_926"  6.601 KB       0 rows
. . exported "SYS"."WRH$_SYS_TIME_MODEL":"WRH$_SYS_TI_3430975138_950"  6.601 KB       0 rows
. . exported "SYS"."WRH$_SYS_TIME_MODEL":"WRH$_SYS_TI_3430975138_974"  6.601 KB       0 rows
. . exported "SYS"."WRH$_SYS_TIME_MODEL":"WRH$_SYS_TI_3430975138_997"  6.601 KB       0 rows
. . exported "SYS"."WRH$_TABLESPACE_STAT":"WRH$_TABLES_3430975138_974"  8.617 KB       0 rows
. . exported "SYS"."WRH$_TABLESPACE_STAT":"WRH$_TABLES_3430975138_997"  8.617 KB       0 rows
. . exported "SYS"."WRH$_WAITSTAT":"WRH$_WAITST_3430975138_1021"  48.92 KB    1152 rows
. . exported "SYS"."WRH$_WAITSTAT":"WRH$_WAITST_3430975138_828"  6.992 KB       0 rows
. . exported "SYS"."WRH$_WAITSTAT":"WRH$_WAITST_3430975138_852"  6.992 KB       0 rows
. . exported "SYS"."WRH$_WAITSTAT":"WRH$_WAITST_3430975138_895"  6.992 KB       0 rows
. . exported "SYS"."WRH$_WAITSTAT":"WRH$_WAITST_3430975138_926"  6.992 KB       0 rows
. . exported "SYS"."WRH$_WAITSTAT":"WRH$_WAITST_3430975138_950"  6.992 KB       0 rows
. . exported "SYS"."WRH$_WAITSTAT":"WRH$_WAITST_3430975138_974"  6.992 KB       0 rows
. . exported "SYS"."WRH$_WAITSTAT":"WRH$_WAITST_3430975138_997"  6.992 KB       0 rows
. . exported "SYS"."WRM$_DATABASE_INSTANCE"              9.414 KB       8 rows
. . exported "SYS"."WRH$_OPTIMIZER_ENV"                  125.5 KB     575 rows
. . exported "SYS"."WRH$_TABLESPACE_SPACE_USAGE"         24.67 KB     328 rows
. . exported "SYS"."WRH$_PERSISTENT_SUBSCRIBERS"         18.21 KB      72 rows
. . exported "SYS"."WRH$_SERVICE_NAME"                   9.773 KB      80 rows
. . exported "SYS"."WRH$_STREAMS_POOL_ADVICE"            13.46 KB     160 rows
. . exported "SYS"."WRH$_PERSISTENT_QUEUES"              16.17 KB      32 rows
. . exported "SYS"."WRM$_SNAP_ERROR"                     6.609 KB       0 rows
. . exported "SYS"."WRH$_DATAFILE"                       47.27 KB     553 rows
. . exported "SYS"."WRH$_RULE_SET"                       9.882 KB       8 rows
. . exported "SYS"."WRH$_SESS_TIME_STATS"                8.648 KB      16 rows
. . exported "SYS"."WRH$_EVENT_NAME"                     77.28 KB     997 rows
. . exported "SYS"."WRH$_PARAMETER_NAME"                 88.02 KB    2049 rows
. . exported "SYS"."WRH$_BUFFERED_QUEUES"                9.015 KB       0 rows
. . exported "SYS"."WRH$_BUFFERED_SUBSCRIBERS"           9.867 KB       0 rows
. . exported "SYS"."WRH$_COMP_IOSTAT"                    8.195 KB       0 rows
. . exported "SYS"."WRH$_IOSTAT_FILETYPE_NAME"           6.156 KB      12 rows
. . exported "SYS"."WRH$_IOSTAT_FUNCTION_NAME"           6.117 KB      13 rows
. . exported "SYS"."WRH$_LATCH_NAME"                     27.89 KB     502 rows
. . exported "SYS"."WRH$_METRIC_NAME"                     28.5 KB     248 rows
. . exported "SYS"."WRH$_OSSTAT_NAME"                    6.398 KB      20 rows
. . exported "SYS"."WRH$_STAT_NAME"                      29.16 KB     517 rows
. . exported "SYS"."WRH$_TEMPFILE"                       9.203 KB      17 rows
. . exported "SYS"."WRM$_WR_CONTROL"                     12.16 KB       1 rows
. . exported "SYS"."WRH$_ACTIVE_SESSION_HISTORY":"WRH$_ACTIVE_SES_MXDB_MXSN"      0 KB       0 rows
. . exported "SYS"."WRH$_ACTIVE_SESSION_HISTORY_BL"          0 KB       0 rows
. . exported "SYS"."WRH$_DB_CACHE_ADVICE":"WRH$_DB_CACHE_AD_MXDB_MXSN"      0 KB       0 rows
. . exported "SYS"."WRH$_DB_CACHE_ADVICE_BL"                 0 KB       0 rows
. . exported "SYS"."WRH$_DLM_MISC":"WRH$_DLM_MISC_MXDB_MXSN"      0 KB       0 rows
. . exported "SYS"."WRH$_DLM_MISC_BL"                        0 KB       0 rows
. . exported "SYS"."WRH$_EVENT_HISTOGRAM":"WRH$_EVENT_HISTO_MXDB_MXSN"      0 KB       0 rows
. . exported "SYS"."WRH$_EVENT_HISTOGRAM_BL"                 0 KB       0 rows
. . exported "SYS"."WRH$_FILEMETRIC_HISTORY"                 0 KB       0 rows
. . exported "SYS"."WRH$_FILESTATXS":"WRH$_FILESTATXS_MXDB_MXSN"      0 KB       0 rows
. . exported "SYS"."WRH$_FILESTATXS_BL"                      0 KB       0 rows
. . exported "SYS"."WRH$_INST_CACHE_TRANSFER":"WRH$_INST_CACHE_MXDB_MXSN"      0 KB       0 rows
. . exported "SYS"."WRH$_INST_CACHE_TRANSFER_BL"             0 KB       0 rows
. . exported "SYS"."WRH$_INTERCONNECT_PINGS":"WRH$_IC_PINGS_MXDB_MXSN"      0 KB       0 rows
. . exported "SYS"."WRH$_INTERCONNECT_PINGS_BL"              0 KB       0 rows
. . exported "SYS"."WRH$_LATCH":"WRH$_LATCH_MXDB_MXSN"       0 KB       0 rows
. . exported "SYS"."WRH$_LATCH_BL"                           0 KB       0 rows
. . exported "SYS"."WRH$_LATCH_CHILDREN":"WRH$_LATCH_CHILD_MXDB_MXSN"      0 KB       0 rows
. . exported "SYS"."WRH$_LATCH_CHILDREN":"WRH$_LATCH__3430975138_0"      0 KB       0 rows
. . exported "SYS"."WRH$_LATCH_CHILDREN_BL"                  0 KB       0 rows
. . exported "SYS"."WRH$_LATCH_MISSES_SUMMARY":"WRH$_LATCH_MISSE_MXDB_MXSN"      0 KB       0 rows
. . exported "SYS"."WRH$_LATCH_MISSES_SUMMARY_BL"            0 KB       0 rows
. . exported "SYS"."WRH$_LATCH_PARENT":"WRH$_LATCH_PAREN_MXDB_MXSN"      0 KB       0 rows
. . exported "SYS"."WRH$_LATCH_PARENT":"WRH$_LATCH__3430975138_0"      0 KB       0 rows
. . exported "SYS"."WRH$_LATCH_PARENT_BL"                    0 KB       0 rows
. . exported "SYS"."WRH$_MEMORY_TARGET_ADVICE"               0 KB       0 rows
. . exported "SYS"."WRH$_MTTR_TARGET_ADVICE"                 0 KB       0 rows
. . exported "SYS"."WRH$_OSSTAT":"WRH$_OSSTAT_MXDB_MXSN"      0 KB       0 rows
. . exported "SYS"."WRH$_OSSTAT_BL"                          0 KB       0 rows
. . exported "SYS"."WRH$_PARAMETER":"WRH$_PARAMETER_MXDB_MXSN"      0 KB       0 rows
. . exported "SYS"."WRH$_PARAMETER_BL"                       0 KB       0 rows
. . exported "SYS"."WRH$_ROWCACHE_SUMMARY":"WRH$_ROWCACHE_SU_MXDB_MXSN"      0 KB       0 rows
. . exported "SYS"."WRH$_ROWCACHE_SUMMARY_BL"                0 KB       0 rows
. . exported "SYS"."WRH$_SEG_STAT":"WRH$_SEG_STAT_MXDB_MXSN"      0 KB       0 rows
. . exported "SYS"."WRH$_SEG_STAT_BL"                        0 KB       0 rows
. . exported "SYS"."WRH$_SERVICE_STAT":"WRH$_SERVICE_STAT_MXDB_MXSN"      0 KB       0 rows
. . exported "SYS"."WRH$_SERVICE_STAT_BL"                    0 KB       0 rows
. . exported "SYS"."WRH$_SERVICE_WAIT_CLASS":"WRH$_SERVICE_WAIT_MXDB_MXSN"      0 KB       0 rows
. . exported "SYS"."WRH$_SERVICE_WAIT_CLASS_BL"              0 KB       0 rows
. . exported "SYS"."WRH$_SESSMETRIC_HISTORY"                 0 KB       0 rows
. . exported "SYS"."WRH$_SGASTAT":"WRH$_SGASTAT_MXDB_MXSN"      0 KB       0 rows
. . exported "SYS"."WRH$_SGASTAT_BL"                         0 KB       0 rows
. . exported "SYS"."WRH$_SQLSTAT":"WRH$_SQLSTAT_MXDB_MXSN"      0 KB       0 rows
. . exported "SYS"."WRH$_SQLSTAT_BL"                         0 KB       0 rows
. . exported "SYS"."WRH$_STREAMS_APPLY_SUM"                  0 KB       0 rows
. . exported "SYS"."WRH$_STREAMS_CAPTURE"                    0 KB       0 rows
. . exported "SYS"."WRH$_SYSSTAT":"WRH$_SYSSTAT_MXDB_MXSN"      0 KB       0 rows
. . exported "SYS"."WRH$_SYSSTAT_BL"                         0 KB       0 rows
. . exported "SYS"."WRH$_SYSTEM_EVENT":"WRH$_SYSTEM_EVEN_MXDB_MXSN"      0 KB       0 rows
. . exported "SYS"."WRH$_SYSTEM_EVENT_BL"                    0 KB       0 rows
. . exported "SYS"."WRH$_SYS_TIME_MODEL":"WRH$_SYS_TIME_MO_MXDB_MXSN"      0 KB       0 rows
. . exported "SYS"."WRH$_SYS_TIME_MODEL_BL"                  0 KB       0 rows
. . exported "SYS"."WRH$_TABLESPACE_STAT":"WRH$_TABLESPACE_MXDB_MXSN"      0 KB       0 rows
. . exported "SYS"."WRH$_TABLESPACE_STAT_BL"                 0 KB       0 rows
. . exported "SYS"."WRH$_WAITSTAT":"WRH$_WAITSTAT_MXDB_MXSN"      0 KB       0 rows
. . exported "SYS"."WRH$_WAITSTAT_BL"                        0 KB       0 rows
. . exported "SYS"."WRM$_BASELINE_DETAILS"                   0 KB       0 rows
. . exported "SYS"."WRM$_BASELINE_TEMPLATE"                  0 KB       0 rows
. . exported "SYS"."WRM$_COLORED_SQL"                        0 KB       0 rows
Master table "SYS"."SYS_EXPORT_TABLE_01" successfully loaded/unloaded
******************************************************************************
Dump file set for SYS.SYS_EXPORT_TABLE_01 is:
  /u01/app/oracle/product/11.1.0/db_1/rdbms/log/awrdat_1041_1048.dmp
Job "SYS"."SYS_EXPORT_TABLE_01" successfully completed at 14:34:20
